


ARM Macro Assembler    Page 1 


    1 00000000                 AREA             asm,CODE
    2 00000000         
    3 00000000         ; Your code goes here
    4 00000000                 EXPORT           calculate
    5 00000000         
    6 00000000         calculate
    7 00000000 EB00 0080       ADD              r0, r0, r0, LSL #2 ;5X
    8 00000004 4408            ADD              r0, r1, r0  ; 5X+Y
    9 00000006 4770            BX               lr
   10 00000008                 END
Command Line: --debug --xref --diag_suppress=9931 --cpu=Cortex-M4.fp --apcs=int
erwork --depend=.\flash\asm.d -o.\flash\asm.o -I.\RTE\_STM32F407_Flash -IC:\KEI
L_V5\ARM\PACK\ARM\CMSIS\5.0.1\CMSIS\Include -IC:\KEIL_V5\ARM\PACK\Keil\STM32F4x
x_DFP\2.11.0\Drivers\CMSIS\Device\ST\STM32F4xx\Include --predefine="__UVISION_V
ERSION SETA 523" --predefine="_RTE_ SETA 1" --predefine="STM32F407xx SETA 1" --
list=.\flash\asm.lst asm.s



ARM Macro Assembler    Page 1 Alphabetic symbol ordering
Relocatable symbols

asm 00000000

Symbol: asm
   Definitions
      At line 1 in file asm.s
   Uses
      None
Comment: asm unused
calculate 00000000

Symbol: calculate
   Definitions
      At line 6 in file asm.s
   Uses
      At line 4 in file asm.s
Comment: calculate used once
2 symbols
336 symbols in table
