


ARM Macro Assembler    Page 1 


    1 00000000                 AREA             storage,DATA
    2 00000000         array
    3 00000000         ; Total is 232 for the example list
    4 00000000 00000003 
              00000007 
              0000001F 
              000000C1 
              00000002 
              FFFFFFFB 
              00000001         DCD              3, 7, 31, 193, 2, -5, 1
    5 0000001C         array_end
    6 0000001C         
    7 0000001C                 AREA             main,CODE
    8 00000000                 EXPORT           asm_main
    9 00000000         asm_main
   10 00000000         ; Your code goes here
   11 00000000 4805            LDR              r0, =array
   12 00000002 4906            LDR              r1, =array_end
   13 00000004 F04F 0200       MOV              r2, #0
   14 00000008 F04F 0300       MOV              r3, #0
   15 0000000C         
   16 0000000C         loop
   17 0000000C F850 2B04       LDR              r2, [r0], #4
   18 00000010 4413            ADD              r3, r3, r2
   19 00000012 4288            CMP              r0, r1
   20 00000014 D3FA            BLO              loop
   21 00000016 E7FE            B                .           ; Loop forever
   22 00000018         
   23 00000018                 ALIGN
   24 00000018                 END
              00000000 
              00000000 
Command Line: --debug --xref --diag_suppress=9931 --cpu=Cortex-M4.fp.sp --apcs=
interwork --depend=.\flash\asm_main.d -o.\flash\asm_main.o -I.\RTE\_STM32F407_F
lash -IC:\Users\aiden\AppData\Local\Arm\Packs\ARM\CMSIS\5.7.0\CMSIS\Core\Includ
e -IC:\Users\aiden\AppData\Local\Arm\Packs\Keil\STM32F4xx_DFP\2.14.0\Drivers\CM
SIS\Device\ST\STM32F4xx\Include --predefine="__EVAL SETA 1" --predefine="__UVIS
ION_VERSION SETA 530" --predefine="_RTE_ SETA 1" --predefine="STM32F407xx SETA 
1" --predefine="_RTE_ SETA 1" --list=.\flash\asm_main.lst asm_main.s



ARM Macro Assembler    Page 1 Alphabetic symbol ordering
Relocatable symbols

array 00000000

Symbol: array
   Definitions
      At line 2 in file asm_main.s
   Uses
      At line 11 in file asm_main.s
Comment: array used once
array_end 0000001C

Symbol: array_end
   Definitions
      At line 5 in file asm_main.s
   Uses
      At line 12 in file asm_main.s
Comment: array_end used once
storage 00000000

Symbol: storage
   Definitions
      At line 1 in file asm_main.s
   Uses
      None
Comment: storage unused
3 symbols



ARM Macro Assembler    Page 1 Alphabetic symbol ordering
Relocatable symbols

asm_main 00000000

Symbol: asm_main
   Definitions
      At line 9 in file asm_main.s
   Uses
      At line 8 in file asm_main.s
Comment: asm_main used once
loop 0000000C

Symbol: loop
   Definitions
      At line 16 in file asm_main.s
   Uses
      At line 20 in file asm_main.s
Comment: loop used once
main 00000000

Symbol: main
   Definitions
      At line 7 in file asm_main.s
   Uses
      None
Comment: main unused
3 symbols
343 symbols in table
