


ARM Macro Assembler    Page 1 


    1 00000000                 AREA             asm,CODE
    2 00000000         
    3 00000000                 EXPORT           process
    4 00000000         
    5 00000000         ; Your code goes here...
    6 00000000         process
    7 00000000 B570            STMFD            sp!, {r4, r5, r6, lr} ; //Pushi
                                                            ng registers
    8 00000002         
    9 00000002 6801            LDR              r1, [r0]
   10 00000004 6842            LDR              r2, [r0, #4]
   11 00000006 6883            LDR              r3, [r0, #8]
   12 00000008 68C4            LDR              r4, [r0, #12]
   13 0000000A         
   14 0000000A 440A            ADD              r2, r2, r1  ; Add X and Y
   15 0000000C 6042            STR              r2, [r0, #4] ; Store x and y in
                                                             Y
   16 0000000E         
   17 0000000E 4618            MOV              r0, r3      ; Pass the prt file
                                                            s to r0 for callbac
                                                            k function argument
                                                            
   18 00000010 47A0            BLX              r4          ; Branch to callbac
                                                            k function 
   19 00000012         
   20 00000012 BD70            LDMFD            sp!, {r4, r5, r6, pc} 
                                                            ; Poping registers
   21 00000014         
   22 00000014                 END
Command Line: --debug --xref --diag_suppress=9931 --cpu=Cortex-M4.fp.sp --apcs=
interwork --depend=.\flash\asm.d -o.\flash\asm.o -I.\RTE\_STM32F407_Flash -IC:\
Users\aiden\AppData\Local\Arm\Packs\ARM\CMSIS\5.7.0\CMSIS\Core\Include -IC:\Use
rs\aiden\AppData\Local\Arm\Packs\Keil\STM32F4xx_DFP\2.14.0\Drivers\CMSIS\Device
\ST\STM32F4xx\Include --predefine="__EVAL SETA 1" --predefine="__UVISION_VERSIO
N SETA 530" --predefine="_RTE_ SETA 1" --predefine="STM32F407xx SETA 1" --prede
fine="_RTE_ SETA 1" --list=.\flash\asm.lst asm.s



ARM Macro Assembler    Page 1 Alphabetic symbol ordering
Relocatable symbols

asm 00000000

Symbol: asm
   Definitions
      At line 1 in file asm.s
   Uses
      None
Comment: asm unused
process 00000000

Symbol: process
   Definitions
      At line 6 in file asm.s
   Uses
      At line 3 in file asm.s
Comment: process used once
2 symbols
337 symbols in table
