


ARM Macro Assembler    Page 1 


    1 00000000                 PRESERVE8
    2 00000000                 AREA             OS_func, CODE, READONLY
    3 00000000         
    4 00000000         ; Export function locations
    5 00000000                 EXPORT           SVC_Handler
    6 00000000                 EXPORT           PendSV_Handler
    7 00000000                 EXPORT           _task_switch
    8 00000000                 EXPORT           _task_init_switch
    9 00000000         
   10 00000000         ; Import global variables
   11 00000000                 IMPORT           _currentTCB
   12 00000000                 IMPORT           _OS_scheduler
   13 00000000         
   14 00000000         ; Import SVC routines
   15 00000000                 IMPORT           _svc_OS_enable_systick
   16 00000000                 IMPORT           _svc_OS_addTask
   17 00000000                 IMPORT           _svc_OS_task_exit
   18 00000000                 IMPORT           _svc_OS_yield
   19 00000000                 IMPORT           _svc_OS_schedule
   20 00000000                 IMPORT           _svc_report
   21 00000000         
   22 00000000         SVC_Handler
   23 00000000         ; Link register contains special 'exit handler mode' cod
                       e
   24 00000000         ; Bit 2 tells whether the MSP or PSP was in use
   25 00000000 F01E 0F04       TST              lr, #4
   26 00000004 BF0C F3EF 
              8008             MRSEQ            r0, MSP
   27 0000000A F3EF 8009       MRSNE            r0, PSP
   28 0000000E         ; r0 now contains the SP that was in use
   29 0000000E         ; Return address is on the stack: load it into r1
   30 0000000E 6981            LDR              r1, [r0, #24]
   31 00000010         ; Use the return address to find the SVC instruction
   32 00000010         ; SVC instruction contains an 8-bit code
   33 00000010 F811 1C02       LDRB             r1, [r1, #-2]
   34 00000014         ; Check if it's in the table
   35 00000014 2906            CMP              r1, #((SVC_tableEnd - SVC_table
Start)/4)
   36 00000016         ; If not, return
   37 00000016 BFA8 4770       BXGE             lr
   38 0000001A         ; Branch to the right handler
   39 0000001A         ; Remember, the SP is in r0
   40 0000001A 4A1A            LDR              r2, =SVC_tableStart
   41 0000001C F852 F021       LDR              pc, [r2, r1, lsl #2]
   42 00000020         
   43 00000020                 ALIGN
   44 00000020         SVC_tableStart
   45 00000020 00000000        DCD              _svc_OS_enable_systick
   46 00000024 00000000        DCD              _svc_OS_addTask
   47 00000028 00000000        DCD              _svc_OS_task_exit
   48 0000002C 00000000        DCD              _svc_OS_yield
   49 00000030 00000000        DCD              _svc_OS_schedule
   50 00000034 00000000        DCD              _svc_report
   51 00000038         SVC_tableEnd
   52 00000038         
   53 00000038                 ALIGN
   54 00000038         PendSV_Handler
   55 00000038 B510            STMFD            sp!, {r4, lr} ; r4 included for
                                                             stack alignment



ARM Macro Assembler    Page 2 


   56 0000003A 4813            LDR              r0, =_OS_scheduler
   57 0000003C 4780            BLX              r0
   58 0000003E E8BD 4010       LDMFD            sp!, {r4, lr}
   59 00000042         _task_switch
   60 00000042         ; r0 contains nextTCB (OS_TCB *)
   61 00000042         ; Load r2 = &_currentTCB (OS_TCB **), r1 = _currentTCB (
                       OS_TCB *, == OS_StackFrame **)
   62 00000042 4A12            LDR              r2, =_currentTCB
   63 00000044 6811            LDR              r1, [r2]
   64 00000046         ; Compare _currentTCB to nextTCB: if equal, go home
   65 00000046 4281            CMP              r1, r0
   66 00000048 BF08 4770       BXEQ             lr
   67 0000004C         ; If not, stack remaining process registers (pc, PSR, lr
                       , r0-r3, r12 already stacked)
   68 0000004C F3EF 8309       MRS              r3, PSP
   69 00000050 E923 0FF0       STMFD            r3!, {r4-r11}
   70 00000054         ; Store stack pointer
   71 00000054 600B            STR              r3, [r1]
   72 00000056         ; Load new stack pointer
   73 00000056 6803            LDR              r3, [r0]
   74 00000058         ; Unstack process registers
   75 00000058 E8B3 0FF0       LDMFD            r3!, {r4-r11}
   76 0000005C F383 8809       MSR              PSP, r3
   77 00000060         ; Update _currentTCB
   78 00000060 6010            STR              r0, [r2]
   79 00000062         ; Clear exclusive access flag
   80 00000062 F3BF 8F2F       CLREX
   81 00000066 4770            BX               lr
   82 00000068         
   83 00000068                 ALIGN
   84 00000068         _task_init_switch
   85 00000068         ; Assume thread mode on entry
   86 00000068         ; Initial task is the idle task
   87 00000068         ; On entry r0 = OS_idleTCB_p (OS_TCB *)
   88 00000068         ; Load r1 = *(r0) (OS_StackFrame *)
   89 00000068 6801            LDR              r1, [r0]
   90 0000006A         ; Update PSP
   91 0000006A F381 8809       MSR              PSP, r1
   92 0000006E         ; Update _currentTCB
   93 0000006E 4A07            LDR              r2, =_currentTCB
   94 00000070 6010            STR              r0, [r2]
   95 00000072         ; Switch to using PSP instead of MSP for thread mode (bi
                       t 1 = 1)
   96 00000072         ; Also lose privileges in thread mode (bit 0 = 1) and di
                       sable FPU (bit 2 = 0)
   97 00000072 F04F 0203       MOV              r2, #3
   98 00000076 F382 8814       MSR              CONTROL, r2
   99 0000007A         ; Instruction barrier (stack pointer switch)
  100 0000007A F3BF 8F6F       ISB
  101 0000007E         ; Check to see if the scheduler is preemptive before
  102 0000007E         ; This SVC call should be handled by _svc_OS_enable_syst
                       ick()
  103 0000007E DF00            SVC              0x00
  104 00000080         ; Continue to the idle task
  105 00000080         
  106 00000080                 ALIGN
  107 00000080         ; This SVC call should be handled by _svc_OS_schedule()
  108 00000080         ; It causes a switch to a runnable task, if possible
  109 00000080 DF04            SVC              0x04



ARM Macro Assembler    Page 3 


  110 00000082         _idle_task
  111 00000082         ; The following line is commented out because it doesn't
                        play nicely with the debugger.
  112 00000082         ; For deployment, uncomment this line and the CPU will s
                       leep when idling, waking only to
  113 00000082         ; handle interrupts.
  114 00000082         ;   WFI
  115 00000082 E7FE            B                _idle_task
  116 00000084         
  117 00000084                 ALIGN
  118 00000084                 END
              00000000 
              00000000 
              00000000 
Command Line: --debug --xref --diag_suppress=9931 --cpu=Cortex-M4.fp.sp --apcs=
interwork --depend=.\flash\os_asm.d -o.\flash\os_asm.o -I.\RTE\_STM32F407_Flash
 -IC:\Users\aiden\AppData\Local\Arm\Packs\ARM\CMSIS\5.7.0\CMSIS\Core\Include -I
C:\Users\aiden\AppData\Local\Arm\Packs\Keil\STM32F4xx_DFP\2.14.0\Drivers\CMSIS\
Device\ST\STM32F4xx\Include --predefine="__EVAL SETA 1" --predefine="__UVISION_
VERSION SETA 530" --predefine="_RTE_ SETA 1" --predefine="STM32F407xx SETA 1" -
-predefine="_RTE_ SETA 1" --list=.\flash\os_asm.lst OS\os_asm.s



ARM Macro Assembler    Page 1 Alphabetic symbol ordering
Relocatable symbols

OS_func 00000000

Symbol: OS_func
   Definitions
      At line 2 in file OS\os_asm.s
   Uses
      None
Comment: OS_func unused
PendSV_Handler 00000038

Symbol: PendSV_Handler
   Definitions
      At line 54 in file OS\os_asm.s
   Uses
      At line 6 in file OS\os_asm.s
Comment: PendSV_Handler used once
SVC_Handler 00000000

Symbol: SVC_Handler
   Definitions
      At line 22 in file OS\os_asm.s
   Uses
      At line 5 in file OS\os_asm.s
Comment: SVC_Handler used once
SVC_tableEnd 00000038

Symbol: SVC_tableEnd
   Definitions
      At line 51 in file OS\os_asm.s
   Uses
      At line 35 in file OS\os_asm.s
Comment: SVC_tableEnd used once
SVC_tableStart 00000020

Symbol: SVC_tableStart
   Definitions
      At line 44 in file OS\os_asm.s
   Uses
      At line 35 in file OS\os_asm.s
      At line 40 in file OS\os_asm.s

_idle_task 00000082

Symbol: _idle_task
   Definitions
      At line 110 in file OS\os_asm.s
   Uses
      At line 115 in file OS\os_asm.s
Comment: _idle_task used once
_task_init_switch 00000068

Symbol: _task_init_switch
   Definitions
      At line 84 in file OS\os_asm.s
   Uses
      At line 8 in file OS\os_asm.s
Comment: _task_init_switch used once
_task_switch 00000042




ARM Macro Assembler    Page 2 Alphabetic symbol ordering
Relocatable symbols

Symbol: _task_switch
   Definitions
      At line 59 in file OS\os_asm.s
   Uses
      At line 7 in file OS\os_asm.s
Comment: _task_switch used once
8 symbols



ARM Macro Assembler    Page 1 Alphabetic symbol ordering
External symbols

_OS_scheduler 00000000

Symbol: _OS_scheduler
   Definitions
      At line 12 in file OS\os_asm.s
   Uses
      At line 56 in file OS\os_asm.s
Comment: _OS_scheduler used once
_currentTCB 00000000

Symbol: _currentTCB
   Definitions
      At line 11 in file OS\os_asm.s
   Uses
      At line 62 in file OS\os_asm.s
      At line 93 in file OS\os_asm.s

_svc_OS_addTask 00000000

Symbol: _svc_OS_addTask
   Definitions
      At line 16 in file OS\os_asm.s
   Uses
      At line 46 in file OS\os_asm.s
Comment: _svc_OS_addTask used once
_svc_OS_enable_systick 00000000

Symbol: _svc_OS_enable_systick
   Definitions
      At line 15 in file OS\os_asm.s
   Uses
      At line 45 in file OS\os_asm.s
Comment: _svc_OS_enable_systick used once
_svc_OS_schedule 00000000

Symbol: _svc_OS_schedule
   Definitions
      At line 19 in file OS\os_asm.s
   Uses
      At line 49 in file OS\os_asm.s
Comment: _svc_OS_schedule used once
_svc_OS_task_exit 00000000

Symbol: _svc_OS_task_exit
   Definitions
      At line 17 in file OS\os_asm.s
   Uses
      At line 47 in file OS\os_asm.s
Comment: _svc_OS_task_exit used once
_svc_OS_yield 00000000

Symbol: _svc_OS_yield
   Definitions
      At line 18 in file OS\os_asm.s
   Uses
      At line 48 in file OS\os_asm.s
Comment: _svc_OS_yield used once
_svc_report 00000000




ARM Macro Assembler    Page 2 Alphabetic symbol ordering
External symbols

Symbol: _svc_report
   Definitions
      At line 20 in file OS\os_asm.s
   Uses
      At line 50 in file OS\os_asm.s
Comment: _svc_report used once
8 symbols
353 symbols in table
